hlcsg v3.4 Final (Feb 25 2006)
Zoner's Half-Life Compilation Tools -- Custom Build
Based on code modifications by Sean 'Zoner' Cavanaugh
Based on Valve's version, modified with permission.
Submit detailed bug reports to (amckern@yahoo.com)
-----  BEGIN  hlcsg -----
Command line: C:\Users\Dawid\Downloads\CS\ZHLT\hlcsg.exe de_osiedle_zwyciestwa.map -estimate 
Entering de_osiedle_zwyciestwa.map

Current hlcsg Settings
Name                 |  Setting  |  Default
---------------------|-----------|-------------------------
threads               [       2 ] [  Varies ]
verbose               [     off ] [     off ]
log                   [      on ] [      on ]
developer             [       0 ] [       0 ]
chart                 [     off ] [     off ]
estimate              [      on ] [     off ]
max texture memory    [ 4194304 ] [ 4194304 ]
max lighting memory   [ 6291456 ] [ 6291456 ]
priority              [  Normal ] [  Normal ]

noclip                [     off ] [     off ]
null texture stripping[      on ] [      on ]
clipnode economy mode [      on ] [      on ]
clip hull type        [  legacy ] [  legacy ]
onlyents              [     off ] [     off ]
wadtextures           [      on ] [      on ]
skyclip               [      on ] [      on ]
hullfile              [    None ] [    None ]
nullfile              [    None ] [    None ]
min surface area      [   0.500 ] [   0.500 ]
brush union threshold [   0.000 ] [   0.000 ]

Using mapfile wad configuration
Wadinclude list :
[zhlt.wad]

146 brushes (totalling 876 sides) discarded from clipping hulls
CreateBrush:
 (0.63 seconds)
SetModelCenters:
 (0.03 seconds)
CSGBrush:
 (0.88 seconds)

Using Wadfile: \gry\csv48\cstrike\tekstury1.wad
 - Contains 65 used textures, 91.55 percent of map (65 textures in wad)
Using Wadfile: \gry\csv48\cstrike\cstrike.wad
 - Contains 0 used textures, 0.00 percent of map (123 textures in wad)
Using Wadfile: \gry\csv48\valve\halflife.wad
 - Contains 5 used textures, 7.04 percent of map (3116 textures in wad)

Warning: ::FindTexture() texture PORSCHE_3 not found!
Warning: ::LoadLump() texture PORSCHE_3 not found!
Texture usage is at 1.37 mb (of 4.00 mb MAX)
1.81 seconds elapsed

-----   END   hlcsg -----



hlbsp v3.4 Final (Feb 25 2006)
Zoner's Half-Life Compilation Tools -- Custom Build
Based on code modifications by Sean 'Zoner' Cavanaugh
Based on Valve's version, modified with permission.
Submit detailed bug reports to (amckern@yahoo.com)
-----  BEGIN  hlbsp -----
Command line: C:\Users\Dawid\Downloads\CS\ZHLT\hlbsp.exe de_osiedle_zwyciestwa.map -estimate 

Current hlbsp Settings
Name               |  Setting  |  Default
-------------------|-----------|-------------------------
threads             [       2 ] [  Varies ]
verbose             [     off ] [     off ]
log                 [      on ] [      on ]
developer           [       0 ] [       0 ]
chart               [     off ] [     off ]
estimate            [      on ] [     off ]
max texture memory  [ 4194304 ] [ 4194304 ]
priority            [  Normal ] [  Normal ]

noclip              [     off ] [     off ]
nofill              [     off ] [     off ]
noopt               [     off ] [     off ]
null tex. stripping [      on ] [      on ]
notjunc             [     off ] [     off ]
subdivide size      [     240 ] [     240 ] (Min 64) (Max 512)
max node size       [    1024 ] [    1024 ] (Min 64) (Max 8192)


SolidBSP [hull 0] 500...1000...1500...2000...2500...3000...3291 (0.12 seconds)
BSP generation successful, writing portal file 'de_osiedle_zwyciestwa.prt'
SolidBSP [hull 1] 500...1000...1500...2000...2087 (0.09 seconds)
SolidBSP [hull 2] 500...1000...1500...1814 (0.08 seconds)
SolidBSP [hull 3] 500...1000...1500...2000...2169 (0.13 seconds)
2.36 seconds elapsed

-----   END   hlbsp -----



hlvis v3.4 Final (Feb 25 2006)
Zoner's Half-Life Compilation Tools -- Custom Build
Based on code modifications by Sean 'Zoner' Cavanaugh
Based on Valve's version, modified with permission.
Submit detailed bug reports to (amckern@yahoo.com)
-----  BEGIN  hlvis -----
Command line: C:\Users\Dawid\Downloads\CS\ZHLT\hlvis.exe de_osiedle_zwyciestwa.map -estimate -fast 
2065 portalleafs
8098 numportals

-= Current hlvis Settings =-
Name               |  Setting  |  Default
-------------------|-----------|-------------------------
threads             [       2 ] [  Varies ]
verbose             [     off ] [     off ]
log                 [      on ] [      on ]
developer           [       0 ] [       0 ]
chart               [     off ] [     off ]
estimate            [      on ] [     off ]
max texture memory  [ 4194304 ] [ 4194304 ]
max vis distance    [       0 ] [       0 ]
priority            [  Normal ] [  Normal ]

fast vis            [      on ] [     off ]
full vis            [     off ] [     off ]


BasePortalVis:
 (10.56 seconds)
Warning: Leaf portals saw into leaf
    Problem at portal between leaves 1030 and 1029:
       (-1495.000 -2769.000 99.000)
    (-1310.003 -2732.000 99.000)
    (-1310.003 -2732.000 192.000)
    (-1371.389 -2744.278 192.000)
    (-1493.535 -2768.707 183.434)
    (-1495.000 -2769.000 182.656)

Warning: Leaf portals saw into leaf
    Problem at portal between leaves 1143 and 1137:
       (-1690.000 -2301.000 71.000)
    (-1535.294 -2765.118 71.000)
    (-1535.294 -2765.118 68.007)
    (-1535.327 -2765.018 68.000)
    (-1690.000 -2301.000 68.000)

Warning: Leaf portals saw into leaf
    Problem at portal between leaves 1169 and 1168:
       (-1650.128 -2805.360 0.000)
    (-1717.000 -2471.000 -0.000)
    (-1717.000 -2310.000 17.821)
    (-1690.000 -2301.000 33.760)
    (-1535.328 -2765.017 68.000)
    (-1535.306 -2765.123 68.000)
    (-1603.011 -2792.204 27.532)

Warning: Leaf portals saw into leaf
    Problem at portal between leaves 1776 and 1778:
       (-2911.269 -3101.711 64.000)
    (-2915.000 -3102.333 66.115)
    (-2916.483 -3102.828 67.000)
    (-2900.249 -3151.529 67.000)
    (-2895.133 -3150.117 64.000)

Warning: Leaf portals saw into leaf
    Problem at portal between leaves 1948 and 1947:
       (-3228.000 -2102.000 71.000)
    (-3192.787 -2096.131 71.000)
    (-3227.744 -2101.958 92.370)
    (-3228.000 -2102.000 92.396)

average leafs visible: 1840
g_visdatasize:522060  compressed from 534835
10.71 seconds elapsed

-----   END   hlvis -----



hlrad v3.4 Final (Feb 25 2006)
Zoner's Half-Life Compilation Tools -- Custom Build
Based on code modifications by Sean 'Zoner' Cavanaugh
Based on Valve's version, modified with permission.
Submit detailed bug reports to (amckern@yahoo.com)
-----  BEGIN  hlrad -----
Command line: C:\Users\Dawid\Downloads\CS\ZHLT\hlrad.exe de_osiedle_zwyciestwa.map -estimate -bounce 2 -chop 128 

-= Current hlrad Settings =-
Name                | Setting             | Default
--------------------|---------------------|-------------------------
threads              [                 2 ] [            Varies ]
verbose              [               off ] [               off ]
log                  [                on ] [                on ]
developer            [                 0 ] [                 0 ]
chart                [               off ] [               off ]
estimate             [                on ] [               off ]
max texture memory   [           4194304 ] [           4194304 ]
max lighting memory  [           6291456 ] [           6291456 ]
priority             [            Normal ] [            Normal ]

vismatrix algorithm  [          Original ] [          Original ]
oversampling (-extra)[               off ] [               off ]
bounces              [                 2 ] [                 1 ]
bounce dynamic light [                on ] [                on ]
ambient light        [ 0.000 0.000 0.000 ] [ 0.000 0.000 0.000 ]
maximum light        [           255.000 ] [           256.000 ]
circus mode          [               off ] [               off ]

smoothing threshold  [            50.000 ] [            50.000 ]
direct threshold     [            25.000 ] [            25.000 ]
direct light scale   [             2.000 ] [             2.000 ]
coring threshold     [             1.000 ] [             1.000 ]
patch interpolation  [                on ] [                on ]

texscale             [                on ] [                on ]
patch subdividing    [                on ] [                on ]
chop value           [           128.000 ] [            64.000 ]
texchop value        [            32.000 ] [            32.000 ]

global fade          [             1.000 ] [             1.000 ]
global falloff       [                 2 ] [                 2 ]
global light scale   [ 1.000 1.000 1.000 ] [ 1.000 1.000 1.000 ]
global gamma         [ 0.500 0.500 0.500 ] [ 0.500 0.500 0.500 ]
global light scale   [             1.000 ] [             1.000 ]
global sky diffusion [             1.000 ] [             1.000 ]

opaque entities      [                on ] [                on ]
sky lighting fix     [                on ] [                on ]
incremental          [               off ] [               off ]
dump                 [               off ] [               off ]

colour jitter        [       0.0 0.0 0.0 ] [       0.0 0.0 0.0 ]
monochromatic jitter [       0.0 0.0 0.0 ] [       0.0 0.0 0.0 ]
softlight hack       [   0.0 0.0 0.0 0.0 ] [   0.0 0.0 0.0 0.0 ]
diffuse hack         [                on ] [                on ]
spotlight points     [                on ] [                on ]

custom shadows with bounce light
                     [               off ] [               off ]
rgb transfers        [               off ] [               off ]


[Reading texlights from 'C:\Users\Dawid\Downloads\CS\ZHLT\lights.rad']
[59 texlights parsed from 'C:\Users\Dawid\Downloads\CS\ZHLT\lights.rad']

7773 faces
Create Patches : 17026 base patches
0 opaque faces
514634 square feet [74107320.00 square inches]
1 direct lights

BuildFacelights:
 (39.32 seconds)
visibility matrix   :  17.3 megs
BuildVisLeafs:
 (43.03 seconds)
MakeScales:
 (9.72 seconds)
SwapTransfers:
 (9.78 seconds)
Transfer Lists :    22255930 :   22.26M transfers
       Indices :    27915988 :   26.62M bytes
          Data :    89023720 :   84.90M bytes
GatherLight:
 (2.60 seconds)
GatherLight:
 (2.80 seconds)
FinalLightFace:
 (0.83 seconds)
108.54 seconds elapsed [1m 48s]

-----   END   hlrad -----



